[INFO][2025.10.05 14:12:09:155]::Eye Calibration Required!
[DEBUG][2025.10.05 14:12:09:164]::Eye Calibration error: 0
[INFO][2025.10.05 14:12:10:884]::Directory Created : E:/istiak/Git/mlagentfinal/My project/Assets/Data/DemoParticipant-134041651291397770/RL_2/
[INFO][2025.10.05 14:12:13:540]::Simulation Started : RL_2
[INFO][2025.10.05 14:13:18:375]::Head Tracking data saved at: E:/istiak/Git/mlagentfinal/My project/Assets/Data/DemoParticipant-134041651291397770/RL_2/
[INFO][2025.10.05 14:13:18:377]::Eye Tracking data saved at: E:/istiak/Git/mlagentfinal/My project/Assets/Data/DemoParticipant-134041651291397770/RL_2/
[INFO][2025.10.05 14:13:33:073]::Eye Calibration Required!
[DEBUG][2025.10.05 14:13:33:086]::Eye Calibration error: 0
[INFO][2025.10.05 14:13:34:098]::Directory Created : E:/istiak/Git/mlagentfinal/My project/Assets/Data/134041652130628843/RL_2/
[INFO][2025.10.05 14:13:36:345]::Simulation Started : RL_2
[INFO][2025.10.05 14:15:01:222]::Head Tracking data saved at: E:/istiak/Git/mlagentfinal/My project/Assets/Data/134041652130628843/RL_2/
[INFO][2025.10.05 14:15:01:225]::Eye Tracking data saved at: E:/istiak/Git/mlagentfinal/My project/Assets/Data/134041652130628843/RL_2/
[INFO][2025.10.05 14:16:14:702]::Eye Calibration Required!
[DEBUG][2025.10.05 14:16:14:715]::Eye Calibration error: 0
[INFO][2025.10.05 14:16:15:501]::Directory Created : E:/istiak/Git/mlagentfinal/My project/Assets/Data/134041653746884645/RL_2/
[INFO][2025.10.05 14:16:18:068]::Simulation Started : RL_2
[INFO][2025.10.05 14:16:36:555]::Head Tracking data saved at: E:/istiak/Git/mlagentfinal/My project/Assets/Data/134041653746884645/RL_2/
[INFO][2025.10.05 14:16:36:556]::Eye Tracking data saved at: E:/istiak/Git/mlagentfinal/My project/Assets/Data/134041653746884645/RL_2/
[INFO][2025.10.05 14:22:45:070]::Eye Calibration Required!
[DEBUG][2025.10.05 14:22:45:081]::Eye Calibration error: 0
[INFO][2025.10.05 14:22:46:275]::Directory Created : E:/istiak/Git/mlagentfinal/My project/Assets/Data/134041657650602850/RL_2/
[INFO][2025.10.05 14:22:49:038]::Simulation Started : RL_2
[INFO][2025.10.05 14:23:27:344]::Head Tracking data saved at: E:/istiak/Git/mlagentfinal/My project/Assets/Data/134041657650602850/RL_2/
[INFO][2025.10.05 14:23:27:346]::Eye Tracking data saved at: E:/istiak/Git/mlagentfinal/My project/Assets/Data/134041657650602850/RL_2/
[INFO][2025.10.05 14:24:57:827]::Eye Calibration Required!
[DEBUG][2025.10.05 14:24:57:839]::Eye Calibration error: 0
[INFO][2025.10.05 14:24:58:880]::Directory Created : E:/istiak/Git/mlagentfinal/My project/Assets/Data/134041658978165957/RL_2/
[INFO][2025.10.05 14:25:01:761]::Simulation Started : RL_2
[INFO][2025.10.05 14:26:10:674]::Head Tracking data saved at: E:/istiak/Git/mlagentfinal/My project/Assets/Data/134041658978165957/RL_2/
[INFO][2025.10.05 14:26:10:678]::Eye Tracking data saved at: E:/istiak/Git/mlagentfinal/My project/Assets/Data/134041658978165957/RL_2/
[INFO][2025.10.05 14:26:19:075]::Eye Calibration Required!
[DEBUG][2025.10.05 14:26:19:088]::Eye Calibration error: 0
[INFO][2025.10.05 14:26:20:029]::Directory Created : E:/istiak/Git/mlagentfinal/My project/Assets/Data/134041659790584384/RL_2/
[INFO][2025.10.05 14:26:22:787]::Simulation Started : RL_2
[INFO][2025.10.05 14:26:32:839]::Head Tracking data saved at: E:/istiak/Git/mlagentfinal/My project/Assets/Data/134041659790584384/RL_2/
[INFO][2025.10.05 14:26:32:841]::Eye Tracking data saved at: E:/istiak/Git/mlagentfinal/My project/Assets/Data/134041659790584384/RL_2/
[INFO][2025.10.05 14:27:19:069]::Eye Calibration Required!
[DEBUG][2025.10.05 14:27:19:080]::Eye Calibration error: 0
[INFO][2025.10.05 14:27:19:967]::Directory Created : E:/istiak/Git/mlagentfinal/My project/Assets/Data/134041660390590602/RL_2/
[INFO][2025.10.05 14:27:22:614]::Simulation Started : RL_2
[INFO][2025.10.05 14:28:31:962]::Head Tracking data saved at: E:/istiak/Git/mlagentfinal/My project/Assets/Data/134041660390590602/RL_2/
[INFO][2025.10.05 14:28:31:966]::Eye Tracking data saved at: E:/istiak/Git/mlagentfinal/My project/Assets/Data/134041660390590602/RL_2/
[INFO][2025.10.05 14:35:22:033]::Eye Calibration Required!
[DEBUG][2025.10.05 14:35:22:046]::Eye Calibration error: 0
[INFO][2025.10.05 14:35:23:312]::Directory Created : E:/istiak/Git/mlagentfinal/My project/Assets/Data/134041665220201783/RL_2/
[INFO][2025.10.05 14:35:26:070]::Simulation Started : RL_2
[INFO][2025.10.05 14:36:30:739]::Head Tracking data saved at: E:/istiak/Git/mlagentfinal/My project/Assets/Data/134041665220201783/RL_2/
[INFO][2025.10.05 14:36:30:743]::Eye Tracking data saved at: E:/istiak/Git/mlagentfinal/My project/Assets/Data/134041665220201783/RL_2/
[INFO][2025.10.05 14:37:19:677]::Eye Calibration Required!
[DEBUG][2025.10.05 14:37:19:693]::Eye Calibration error: 0
[INFO][2025.10.05 14:37:20:980]::Directory Created : E:/istiak/Git/mlagentfinal/My project/Assets/Data/134041666396635965/RL_2/
[INFO][2025.10.05 14:37:23:559]::Simulation Started : RL_2
[INFO][2025.10.05 14:39:24:377]::Head Tracking data saved at: E:/istiak/Git/mlagentfinal/My project/Assets/Data/134041666396635965/RL_2/
[INFO][2025.10.05 14:39:24:380]::Eye Tracking data saved at: E:/istiak/Git/mlagentfinal/My project/Assets/Data/134041666396635965/RL_2/
[INFO][2025.10.05 15:33:00:273]::Eye Tracking not supported in this device! Device is not HTC-Vive Pro Eye.
[INFO][2025.10.05 15:33:00:750]::Directory Created : E:/istiak/Git/mlagentfinal/My project/Assets/Data/134041699802680364/RL_2/
[INFO][2025.10.05 15:33:00:753]::Simulation Started : RL_2
[INFO][2025.10.05 15:33:19:758]::Head Tracking data saved at: E:/istiak/Git/mlagentfinal/My project/Assets/Data/134041699802680364/RL_2/
[INFO][2025.10.05 15:33:41:020]::Eye Tracking not supported in this device! Device is not HTC-Vive Pro Eye.
[INFO][2025.10.05 15:33:41:518]::Directory Created : E:/istiak/Git/mlagentfinal/My project/Assets/Data/134041700210148506/RL_2/
[INFO][2025.10.05 15:33:41:519]::Simulation Started : RL_2
[INFO][2025.10.05 15:33:59:076]::Head Tracking data saved at: E:/istiak/Git/mlagentfinal/My project/Assets/Data/134041700210148506/RL_2/
[INFO][2025.10.05 15:34:13:374]::Eye Calibration Required!
[DEBUG][2025.10.05 15:34:13:376]::Eye Calibration error: 0
[INFO][2025.10.05 15:34:13:839]::Directory Created : E:/istiak/Git/mlagentfinal/My project/Assets/Data/134041700533623102/RL_2/
[INFO][2025.10.05 15:34:16:455]::Simulation Started : RL_2
[INFO][2025.10.05 15:37:04:472]::Head Tracking data saved at: E:/istiak/Git/mlagentfinal/My project/Assets/Data/134041700533623102/RL_2/
[INFO][2025.10.05 15:37:04:476]::Eye Tracking data saved at: E:/istiak/Git/mlagentfinal/My project/Assets/Data/134041700533623102/RL_2/
[INFO][2025.10.05 15:38:15:816]::Eye Calibration Required!
[DEBUG][2025.10.05 15:38:15:820]::Eye Calibration error: 0
[INFO][2025.10.05 15:38:16:628]::Directory Created : E:/istiak/Git/mlagentfinal/My project/Assets/Data/134041702958040170/RL_2/
[INFO][2025.10.05 15:38:19:777]::Simulation Started : RL_2
[INFO][2025.10.05 15:43:18:394]::Head Tracking data saved at: E:/istiak/Git/mlagentfinal/My project/Assets/Data/134041702958040170/RL_2/
[INFO][2025.10.05 15:43:18:399]::Eye Tracking data saved at: E:/istiak/Git/mlagentfinal/My project/Assets/Data/134041702958040170/RL_2/
[INFO][2025.10.05 15:59:12:828]::Eye Tracking not supported in this device! Device is not HTC-Vive Pro Eye.
[INFO][2025.10.05 15:59:13:395]::Directory Created : E:/istiak/Git/mlagentfinal/My project/Assets/Data/134041715528241032/RL_2/
[INFO][2025.10.05 15:59:13:397]::Simulation Started : RL_2
[INFO][2025.10.05 15:59:34:842]::Head Tracking data saved at: E:/istiak/Git/mlagentfinal/My project/Assets/Data/134041715528241032/RL_2/
[INFO][2025.10.05 16:00:17:504]::Eye Calibration Required!
[DEBUG][2025.10.05 16:00:17:509]::Eye Calibration error: 0
[INFO][2025.10.05 16:00:18:190]::Directory Created : E:/istiak/Git/mlagentfinal/My project/Assets/Data/134041716174941511/RL_2/
[INFO][2025.10.05 16:00:20:788]::Simulation Started : RL_2
[INFO][2025.10.05 16:01:58:046]::Head Tracking data saved at: E:/istiak/Git/mlagentfinal/My project/Assets/Data/134041716174941511/RL_2/
[INFO][2025.10.05 16:01:58:049]::Eye Tracking data saved at: E:/istiak/Git/mlagentfinal/My project/Assets/Data/134041716174941511/RL_2/
[INFO][2025.10.05 17:06:10:094]::Eye Tracking not supported in this device! Device is not HTC-Vive Pro Eye.
[INFO][2025.10.05 17:06:10:718]::Directory Created : E:/istiak/Git/mlagentfinal/My project/Assets/Data/134041755700908785/RL_2/
[INFO][2025.10.05 17:06:10:720]::Simulation Started : RL_2
[INFO][2025.10.05 17:07:10:075]::Head Tracking data saved at: E:/istiak/Git/mlagentfinal/My project/Assets/Data/134041755700908785/RL_2/
[INFO][2025.10.05 17:07:53:957]::Eye Tracking not supported in this device! Device is not HTC-Vive Pro Eye.
[INFO][2025.10.05 17:07:54:913]::Directory Created : E:/istiak/Git/mlagentfinal/My project/Assets/Data/134041756739502438/RL_2/
[INFO][2025.10.05 17:07:54:916]::Simulation Started : RL_2
[INFO][2025.10.05 17:08:00:076]::Head Tracking data saved at: E:/istiak/Git/mlagentfinal/My project/Assets/Data/134041756739502438/RL_2/
[INFO][2025.10.05 17:08:06:902]::Eye Tracking not supported in this device! Device is not HTC-Vive Pro Eye.
[INFO][2025.10.05 17:08:07:375]::Directory Created : E:/istiak/Git/mlagentfinal/My project/Assets/Data/134041756868977049/RL_2/
[INFO][2025.10.05 17:08:07:378]::Simulation Started : RL_2
[INFO][2025.10.05 17:08:13:744]::Head Tracking data saved at: E:/istiak/Git/mlagentfinal/My project/Assets/Data/134041756868977049/RL_2/
[INFO][2025.10.05 17:08:58:468]::Eye Tracking not supported in this device! Device is not HTC-Vive Pro Eye.
[INFO][2025.10.05 17:08:59:019]::Directory Created : E:/istiak/Git/mlagentfinal/My project/Assets/Data/134041757384645278/RL_2/
[INFO][2025.10.05 17:08:59:022]::Simulation Started : RL_2
[INFO][2025.10.05 17:09:48:157]::Head Tracking data saved at: E:/istiak/Git/mlagentfinal/My project/Assets/Data/134041757384645278/RL_2/
[INFO][2025.10.05 17:14:04:097]::Eye Tracking not supported in this device! Device is not HTC-Vive Pro Eye.
[INFO][2025.10.05 17:14:04:782]::Directory Created : E:/istiak/Git/mlagentfinal/My project/Assets/Data/134041760440932475/RL_2/
[INFO][2025.10.05 17:14:04:783]::Simulation Started : RL_2
[INFO][2025.10.05 17:14:10:829]::Head Tracking data saved at: E:/istiak/Git/mlagentfinal/My project/Assets/Data/134041760440932475/RL_2/
[INFO][2025.10.05 17:14:30:803]::Eye Tracking not supported in this device! Device is not HTC-Vive Pro Eye.
[INFO][2025.10.05 17:14:31:344]::Directory Created : E:/istiak/Git/mlagentfinal/My project/Assets/Data/134041760707992508/RL_2/
[INFO][2025.10.05 17:14:31:346]::Simulation Started : RL_2
[INFO][2025.10.05 17:20:28:191]::Head Tracking data saved at: E:/istiak/Git/mlagentfinal/My project/Assets/Data/134041760707992508/RL_2/
[INFO][2025.10.05 17:22:50:971]::Eye Tracking not supported in this device! Device is not HTC-Vive Pro Eye.
[INFO][2025.10.05 17:22:51:709]::Directory Created : E:/istiak/Git/mlagentfinal/My project/Assets/Data/134041765709674789/RL_2/
[INFO][2025.10.05 17:22:51:711]::Simulation Started : RL_2
[INFO][2025.10.05 17:31:13:226]::Head Tracking data saved at: E:/istiak/Git/mlagentfinal/My project/Assets/Data/134041765709674789/RL_2/
[INFO][2025.10.05 17:38:27:979]::Eye Tracking not supported in this device! Device is not HTC-Vive Pro Eye.
[INFO][2025.10.05 17:38:28:469]::Directory Created : E:/istiak/Git/mlagentfinal/My project/Assets/Data/134041775079749544/RL_2/
[INFO][2025.10.05 17:38:28:473]::Simulation Started : RL_2
[INFO][2025.10.05 17:38:55:817]::Head Tracking data saved at: E:/istiak/Git/mlagentfinal/My project/Assets/Data/134041775079749544/RL_2/
[INFO][2025.10.05 17:39:40:241]::Eye Tracking not supported in this device! Device is not HTC-Vive Pro Eye.
[INFO][2025.10.05 17:39:40:934]::Directory Created : E:/istiak/Git/mlagentfinal/My project/Assets/Data/134041775802353751/RL_2/
[INFO][2025.10.05 17:39:40:936]::Simulation Started : RL_2
[INFO][2025.10.05 17:40:10:979]::Head Tracking data saved at: E:/istiak/Git/mlagentfinal/My project/Assets/Data/134041775802353751/RL_2/
[INFO][2025.10.05 17:40:23:754]::Eye Tracking not supported in this device! Device is not HTC-Vive Pro Eye.
[INFO][2025.10.05 17:40:24:452]::Directory Created : E:/istiak/Git/mlagentfinal/My project/Assets/Data/134041776237510628/RL_2/
[INFO][2025.10.05 17:40:24:454]::Simulation Started : RL_2
[INFO][2025.10.05 17:40:31:883]::Head Tracking data saved at: E:/istiak/Git/mlagentfinal/My project/Assets/Data/134041776237510628/RL_2/
[INFO][2025.10.06 09:58:21:024]::Eye Calibration Required!
[DEBUG][2025.10.06 09:58:21:033]::Eye Calibration error: 0
[INFO][2025.10.06 09:58:22:615]::Directory Created : E:/istiak/Git/mlagentfinal/My project/Assets/Data/134042363010087203/RL_2/
[INFO][2025.10.06 09:58:25:707]::Simulation Started : RL_2
[INFO][2025.10.06 10:00:11:427]::Head Tracking data saved at: E:/istiak/Git/mlagentfinal/My project/Assets/Data/134042363010087203/RL_2/
[INFO][2025.10.06 10:00:11:431]::Eye Tracking data saved at: E:/istiak/Git/mlagentfinal/My project/Assets/Data/134042363010087203/RL_2/
[INFO][2025.10.06 10:02:48:336]::Eye Calibration Required!
[DEBUG][2025.10.06 10:02:48:351]::Eye Calibration error: 0
[INFO][2025.10.06 10:02:49:815]::Directory Created : E:/istiak/Git/mlagentfinal/My project/Assets/Data/134042365683231968/RL_2/
[INFO][2025.10.06 10:02:52:496]::Simulation Started : RL_2
[INFO][2025.10.06 10:03:11:599]::Head Tracking data saved at: E:/istiak/Git/mlagentfinal/My project/Assets/Data/134042365683231968/RL_2/
[INFO][2025.10.06 10:03:11:601]::Eye Tracking data saved at: E:/istiak/Git/mlagentfinal/My project/Assets/Data/134042365683231968/RL_2/
[INFO][2025.10.06 10:10:11:114]::Eye Tracking not supported in this device! Device is not HTC-Vive Pro Eye.
[INFO][2025.10.06 10:10:12:062]::Directory Created : E:/istiak/Git/mlagentfinal/My project/Assets/Data/134042370111072025/RL_2/
[INFO][2025.10.06 10:10:12:065]::Simulation Started : RL_2
[INFO][2025.10.06 10:10:45:575]::Head Tracking data saved at: E:/istiak/Git/mlagentfinal/My project/Assets/Data/134042370111072025/RL_2/
[INFO][2025.10.06 10:15:23:328]::Eye Calibration Required!
[DEBUG][2025.10.06 10:15:23:338]::Eye Calibration error: 0
[INFO][2025.10.06 10:15:23:746]::Directory Created : E:/istiak/Git/mlagentfinal/My project/Assets/Data/134042373233162847/RL_2/
[INFO][2025.10.06 10:15:26:288]::Simulation Started : RL_2
[INFO][2025.10.06 10:16:05:517]::Head Tracking data saved at: E:/istiak/Git/mlagentfinal/My project/Assets/Data/134042373233162847/RL_2/
[INFO][2025.10.06 10:16:05:519]::Eye Tracking data saved at: E:/istiak/Git/mlagentfinal/My project/Assets/Data/134042373233162847/RL_2/
[INFO][2025.10.06 10:16:17:983]::Eye Calibration Required!
[DEBUG][2025.10.06 10:16:17:993]::Eye Calibration error: 0
[INFO][2025.10.06 10:16:18:964]::Directory Created : E:/istiak/Git/mlagentfinal/My project/Assets/Data/134042373779708606/RL_2/
[INFO][2025.10.06 10:16:21:514]::Simulation Started : RL_2
[INFO][2025.10.06 10:16:44:083]::Head Tracking data saved at: E:/istiak/Git/mlagentfinal/My project/Assets/Data/134042373779708606/RL_2/
[INFO][2025.10.06 10:16:44:085]::Eye Tracking data saved at: E:/istiak/Git/mlagentfinal/My project/Assets/Data/134042373779708606/RL_2/
[INFO][2025.10.06 10:17:19:175]::Eye Calibration Required!
[DEBUG][2025.10.06 10:17:19:185]::Eye Calibration error: 0
[INFO][2025.10.06 10:17:20:226]::Directory Created : E:/istiak/Git/mlagentfinal/My project/Assets/Data/134042374391639869/RL_2/
[INFO][2025.10.06 10:17:22:842]::Simulation Started : RL_2
[INFO][2025.10.06 10:18:01:132]::Head Tracking data saved at: E:/istiak/Git/mlagentfinal/My project/Assets/Data/134042374391639869/RL_2/
[INFO][2025.10.06 10:18:01:134]::Eye Tracking data saved at: E:/istiak/Git/mlagentfinal/My project/Assets/Data/134042374391639869/RL_2/
[INFO][2025.10.06 10:22:45:138]::Eye Calibration Required!
[DEBUG][2025.10.06 10:22:45:150]::Eye Calibration error: 0
[INFO][2025.10.06 10:22:46:168]::Directory Created : E:/istiak/Git/mlagentfinal/My project/Assets/Data/134042377651261655/RL_2/
[INFO][2025.10.06 10:22:48:784]::Simulation Started : RL_2
[INFO][2025.10.06 10:23:35:875]::Head Tracking data saved at: E:/istiak/Git/mlagentfinal/My project/Assets/Data/134042377651261655/RL_2/
[INFO][2025.10.06 10:23:35:877]::Eye Tracking data saved at: E:/istiak/Git/mlagentfinal/My project/Assets/Data/134042377651261655/RL_2/
[INFO][2025.10.06 10:35:46:916]::Eye Calibration Required!
[DEBUG][2025.10.06 10:35:46:927]::Eye Calibration error: 0
[INFO][2025.10.06 10:35:47:970]::Directory Created : E:/istiak/Git/mlagentfinal/My project/Assets/Data/134042385469062403/RL_2/
[INFO][2025.10.06 10:35:50:782]::Simulation Started : RL_2
[INFO][2025.10.06 10:36:13:053]::Head Tracking data saved at: E:/istiak/Git/mlagentfinal/My project/Assets/Data/134042385469062403/RL_2/
[INFO][2025.10.06 10:36:13:054]::Eye Tracking data saved at: E:/istiak/Git/mlagentfinal/My project/Assets/Data/134042385469062403/RL_2/
[INFO][2025.10.06 10:37:01:844]::Eye Calibration Required!
[DEBUG][2025.10.06 10:37:01:855]::Eye Calibration error: 0
[INFO][2025.10.06 10:37:02:887]::Directory Created : E:/istiak/Git/mlagentfinal/My project/Assets/Data/134042386218290832/RL_2/
[INFO][2025.10.06 10:37:05:581]::Simulation Started : RL_2
[INFO][2025.10.06 10:37:40:981]::Head Tracking data saved at: E:/istiak/Git/mlagentfinal/My project/Assets/Data/134042386218290832/RL_2/
[INFO][2025.10.06 10:37:40:984]::Eye Tracking data saved at: E:/istiak/Git/mlagentfinal/My project/Assets/Data/134042386218290832/RL_2/
[INFO][2025.10.06 10:37:59:798]::Eye Calibration Required!
[DEBUG][2025.10.06 10:37:59:808]::Eye Calibration error: 0
[INFO][2025.10.06 10:38:00:785]::Directory Created : E:/istiak/Git/mlagentfinal/My project/Assets/Data/134042386797818302/RL_2/
[INFO][2025.10.06 10:38:03:343]::Simulation Started : RL_2
[INFO][2025.10.06 10:38:31:097]::Head Tracking data saved at: E:/istiak/Git/mlagentfinal/My project/Assets/Data/134042386797818302/RL_2/
[INFO][2025.10.06 10:38:31:101]::Eye Tracking data saved at: E:/istiak/Git/mlagentfinal/My project/Assets/Data/134042386797818302/RL_2/
[INFO][2025.10.06 10:38:49:948]::Eye Calibration Required!
[DEBUG][2025.10.06 10:38:49:960]::Eye Calibration error: 0
[INFO][2025.10.06 10:38:50:975]::Directory Created : E:/istiak/Git/mlagentfinal/My project/Assets/Data/134042387299325180/RL_2/
[INFO][2025.10.06 10:38:53:592]::Simulation Started : RL_2
[INFO][2025.10.06 10:39:17:710]::Head Tracking data saved at: E:/istiak/Git/mlagentfinal/My project/Assets/Data/134042387299325180/RL_2/
[INFO][2025.10.06 10:39:17:713]::Eye Tracking data saved at: E:/istiak/Git/mlagentfinal/My project/Assets/Data/134042387299325180/RL_2/
[INFO][2025.10.06 10:43:47:872]::Eye Calibration Required!
[DEBUG][2025.10.06 10:43:47:885]::Eye Calibration error: 0
[INFO][2025.10.06 10:43:48:942]::Directory Created : E:/istiak/Git/mlagentfinal/My project/Assets/Data/134042390278601382/RL_2/
[INFO][2025.10.06 10:43:51:579]::Simulation Started : RL_2
[INFO][2025.10.06 10:44:55:218]::Head Tracking data saved at: E:/istiak/Git/mlagentfinal/My project/Assets/Data/134042390278601382/RL_2/
[INFO][2025.10.06 10:44:55:220]::Eye Tracking data saved at: E:/istiak/Git/mlagentfinal/My project/Assets/Data/134042390278601382/RL_2/
[INFO][2025.10.06 10:49:14:247]::Eye Calibration Required!
[DEBUG][2025.10.06 10:49:14:259]::Eye Calibration error: 0
[INFO][2025.10.06 10:49:15:248]::Directory Created : E:/istiak/Git/mlagentfinal/My project/Assets/Data/134042393542372963/RL_2/
[INFO][2025.10.06 10:49:17:887]::Simulation Started : RL_2
[INFO][2025.10.06 10:49:55:348]::Head Tracking data saved at: E:/istiak/Git/mlagentfinal/My project/Assets/Data/134042393542372963/RL_2/
[INFO][2025.10.06 10:49:55:349]::Eye Tracking data saved at: E:/istiak/Git/mlagentfinal/My project/Assets/Data/134042393542372963/RL_2/
[INFO][2025.10.06 10:56:05:515]::Eye Calibration Required!
[DEBUG][2025.10.06 10:56:05:526]::Eye Calibration error: 0
[INFO][2025.10.06 10:56:06:499]::Directory Created : E:/istiak/Git/mlagentfinal/My project/Assets/Data/134042397655027875/RL_2/
[INFO][2025.10.06 10:56:09:055]::Simulation Started : RL_2
[INFO][2025.10.06 10:56:32:479]::Head Tracking data saved at: E:/istiak/Git/mlagentfinal/My project/Assets/Data/134042397655027875/RL_2/
[INFO][2025.10.06 10:56:32:480]::Eye Tracking data saved at: E:/istiak/Git/mlagentfinal/My project/Assets/Data/134042397655027875/RL_2/
[INFO][2025.10.06 11:02:34:349]::Eye Calibration Required!
[DEBUG][2025.10.06 11:02:34:365]::Eye Calibration error: 0
[INFO][2025.10.06 11:02:35:516]::Directory Created : E:/istiak/Git/mlagentfinal/My project/Assets/Data/134042401543342049/RL_2/
[INFO][2025.10.06 11:02:38:215]::Simulation Started : RL_2
[INFO][2025.10.06 11:03:06:461]::Head Tracking data saved at: E:/istiak/Git/mlagentfinal/My project/Assets/Data/134042401543342049/RL_2/
[INFO][2025.10.06 11:03:06:463]::Eye Tracking data saved at: E:/istiak/Git/mlagentfinal/My project/Assets/Data/134042401543342049/RL_2/
[INFO][2025.10.06 11:42:20:686]::Eye Calibration Required!
[DEBUG][2025.10.06 11:42:20:697]::Eye Calibration error: 0
[INFO][2025.10.06 11:42:21:349]::Directory Created : E:/istiak/Git/mlagentfinal/RL_3_URP/Assets/Data/134042425406731997/RL_2/
[INFO][2025.10.06 11:42:24:293]::Simulation Started : RL_2
[INFO][2025.10.06 11:43:53:445]::Head Tracking data saved at: E:/istiak/Git/mlagentfinal/RL_3_URP/Assets/Data/134042425406731997/RL_2/
[INFO][2025.10.06 11:43:53:446]::Eye Tracking data saved at: E:/istiak/Git/mlagentfinal/RL_3_URP/Assets/Data/134042425406731997/RL_2/
[INFO][2025.10.06 11:44:47:563]::Eye Calibration Required!
[DEBUG][2025.10.06 11:44:47:575]::Eye Calibration error: 0
[INFO][2025.10.06 11:44:48:063]::Directory Created : E:/istiak/Git/mlagentfinal/RL_3_URP/Assets/Data/134042426875485690/RL_2/
[INFO][2025.10.06 11:44:50:918]::Simulation Started : RL_2
[INFO][2025.10.06 11:45:15:810]::Head Tracking data saved at: E:/istiak/Git/mlagentfinal/RL_3_URP/Assets/Data/134042426875485690/RL_2/
[INFO][2025.10.06 11:45:15:812]::Eye Tracking data saved at: E:/istiak/Git/mlagentfinal/RL_3_URP/Assets/Data/134042426875485690/RL_2/
[INFO][2025.10.06 12:15:59:779]::Eye Tracking not supported in this device! Device is not HTC-Vive Pro Eye.
[INFO][2025.10.06 12:16:00:239]::Directory Created : E:/istiak/Git/mlagentfinal/RL_3_URP/Assets/Data/134042445597758706/RL_2/
[INFO][2025.10.06 12:16:00:241]::Simulation Started : RL_2
[INFO][2025.10.06 12:17:41:694]::Head Tracking data saved at: E:/istiak/Git/mlagentfinal/RL_3_URP/Assets/Data/134042445597758706/RL_2/
[INFO][2025.10.06 12:18:07:462]::Eye Calibration Required!
[DEBUG][2025.10.06 12:18:07:476]::Eye Calibration error: 0
[INFO][2025.10.06 12:18:08:107]::Directory Created : E:/istiak/Git/mlagentfinal/RL_3_URP/Assets/Data/134042446874521853/RL_2/
[INFO][2025.10.06 12:18:11:030]::Simulation Started : RL_2
[INFO][2025.10.06 12:18:40:356]::Head Tracking data saved at: E:/istiak/Git/mlagentfinal/RL_3_URP/Assets/Data/134042446874521853/RL_2/
[INFO][2025.10.06 12:18:40:358]::Eye Tracking data saved at: E:/istiak/Git/mlagentfinal/RL_3_URP/Assets/Data/134042446874521853/RL_2/
[INFO][2025.10.06 12:28:59:671]::Eye Calibration Required!
[DEBUG][2025.10.06 12:28:59:688]::Eye Calibration error: 0
[INFO][2025.10.06 12:29:00:288]::Directory Created : E:/istiak/Git/mlagentfinal/RL_3_URP/Assets/Data/134042453396604266/RL_2/
[INFO][2025.10.06 12:29:02:980]::Simulation Started : RL_2
[INFO][2025.10.06 12:32:49:987]::Head Tracking data saved at: E:/istiak/Git/mlagentfinal/RL_3_URP/Assets/Data/134042453396604266/RL_2/
[INFO][2025.10.06 12:32:49:993]::Eye Tracking data saved at: E:/istiak/Git/mlagentfinal/RL_3_URP/Assets/Data/134042453396604266/RL_2/
[INFO][2025.10.06 12:37:14:405]::Eye Tracking not supported in this device! Device is not HTC-Vive Pro Eye.
[INFO][2025.10.06 12:37:14:847]::Directory Created : E:/istiak/Git/mlagentfinal/RL_3_URP/Assets/Data/134042458344011564/RL_2/
[INFO][2025.10.06 12:37:14:849]::Simulation Started : RL_2
[INFO][2025.10.06 12:37:27:339]::Head Tracking data saved at: E:/istiak/Git/mlagentfinal/RL_3_URP/Assets/Data/134042458344011564/RL_2/
[INFO][2025.10.06 12:37:43:628]::Eye Tracking not supported in this device! Device is not HTC-Vive Pro Eye.
[INFO][2025.10.06 12:37:44:059]::Directory Created : E:/istiak/Git/mlagentfinal/RL_3_URP/Assets/Data/134042458636250057/RL_2/
[INFO][2025.10.06 12:37:44:061]::Simulation Started : RL_2
[INFO][2025.10.06 12:38:36:713]::Head Tracking data saved at: E:/istiak/Git/mlagentfinal/RL_3_URP/Assets/Data/134042458636250057/RL_2/
[INFO][2025.10.06 12:40:29:679]::Eye Calibration Required!
[DEBUG][2025.10.06 12:40:29:691]::Eye Calibration error: 0
[INFO][2025.10.06 12:40:30:220]::Directory Created : E:/istiak/Git/mlagentfinal/RL_3_URP/Assets/Data/134042460296670223/RL_2/
[INFO][2025.10.06 12:40:33:177]::Simulation Started : RL_2
[INFO][2025.10.06 12:41:33:711]::Head Tracking data saved at: E:/istiak/Git/mlagentfinal/RL_3_URP/Assets/Data/134042460296670223/RL_2/
[INFO][2025.10.06 12:41:33:713]::Eye Tracking data saved at: E:/istiak/Git/mlagentfinal/RL_3_URP/Assets/Data/134042460296670223/RL_2/
[INFO][2025.10.06 12:45:22:957]::Eye Calibration Required!
[DEBUG][2025.10.06 12:45:22:968]::Eye Calibration error: 0
[INFO][2025.10.06 12:45:23:457]::Directory Created : E:/istiak/Git/mlagentfinal/RL_3_URP/Assets/Data/134042463229430324/RL_2/
[INFO][2025.10.06 12:45:26:483]::Simulation Started : RL_2
[INFO][2025.10.06 12:47:02:761]::Head Tracking data saved at: E:/istiak/Git/mlagentfinal/RL_3_URP/Assets/Data/134042463229430324/RL_2/
[INFO][2025.10.06 12:47:02:764]::Eye Tracking data saved at: E:/istiak/Git/mlagentfinal/RL_3_URP/Assets/Data/134042463229430324/RL_2/
[INFO][2025.10.06 13:08:53:286]::Eye Tracking not supported in this device! Device is not HTC-Vive Pro Eye.
[INFO][2025.10.06 13:08:53:916]::Directory Created : E:/istiak/Git/mlagentfinal/RL_3_URP/Assets/Data/134042477332835839/RL_2/
[INFO][2025.10.06 13:08:53:919]::Simulation Started : RL_2
[INFO][2025.10.06 13:09:05:397]::Head Tracking data saved at: E:/istiak/Git/mlagentfinal/RL_3_URP/Assets/Data/134042477332835839/RL_2/
[INFO][2025.10.06 13:13:38:607]::Eye Tracking not supported in this device! Device is not HTC-Vive Pro Eye.
[INFO][2025.10.06 13:13:39:229]::Directory Created : E:/istiak/Git/mlagentfinal/RL_3_URP/Assets/Data/134042480186038237/RL_2/
[INFO][2025.10.06 13:13:39:231]::Simulation Started : RL_2
[INFO][2025.10.06 13:14:13:152]::Head Tracking data saved at: E:/istiak/Git/mlagentfinal/RL_3_URP/Assets/Data/134042480186038237/RL_2/
[INFO][2025.10.06 13:14:42:955]::Eye Tracking not supported in this device! Device is not HTC-Vive Pro Eye.
[INFO][2025.10.06 13:14:43:399]::Directory Created : E:/istiak/Git/mlagentfinal/RL_3_URP/Assets/Data/134042480829518121/RL_2/
[INFO][2025.10.06 13:14:43:401]::Simulation Started : RL_2
[INFO][2025.10.06 13:15:12:307]::Head Tracking data saved at: E:/istiak/Git/mlagentfinal/RL_3_URP/Assets/Data/134042480829518121/RL_2/
[INFO][2025.10.06 13:15:55:058]::Eye Tracking not supported in this device! Device is not HTC-Vive Pro Eye.
[INFO][2025.10.06 13:15:55:473]::Directory Created : E:/istiak/Git/mlagentfinal/RL_3_URP/Assets/Data/134042481550558173/RL_2/
[INFO][2025.10.06 13:15:55:475]::Simulation Started : RL_2
[INFO][2025.10.06 13:16:17:731]::Head Tracking data saved at: E:/istiak/Git/mlagentfinal/RL_3_URP/Assets/Data/134042481550558173/RL_2/
[INFO][2025.10.08 15:53:10:212]::Eye Tracking not supported in this device! Device is not HTC-Vive Pro Eye.
[INFO][2025.10.08 15:53:10:906]::Directory Created : E:/istiak/Git/mlagentfinal/RL_3_URP/Assets/Data/134044303902097053/RL_2/
[INFO][2025.10.08 15:53:10:906]::Simulation Started : RL_2
[INFO][2025.10.08 15:54:03:343]::Head Tracking data saved at: E:/istiak/Git/mlagentfinal/RL_3_URP/Assets/Data/134044303902097053/RL_2/
[INFO][2025.10.08 15:56:07:753]::Eye Tracking not supported in this device! Device is not HTC-Vive Pro Eye.
[INFO][2025.10.08 15:56:08:342]::Directory Created : E:/istiak/Git/mlagentfinal/RL_3_URP/Assets/Data/134044305677520601/RL_2/
[INFO][2025.10.08 15:56:08:344]::Simulation Started : RL_2
[INFO][2025.10.08 16:00:26:726]::Head Tracking data saved at: E:/istiak/Git/mlagentfinal/RL_3_URP/Assets/Data/134044305677520601/RL_2/
[INFO][2025.10.08 16:01:15:065]::Eye Tracking not supported in this device! Device is not HTC-Vive Pro Eye.
[INFO][2025.10.08 16:01:15:680]::Directory Created : E:/istiak/Git/mlagentfinal/RL_3_URP/Assets/Data/134044308750629627/RL_2/
[INFO][2025.10.08 16:01:15:682]::Simulation Started : RL_2
[INFO][2025.10.08 16:03:50:220]::Head Tracking data saved at: E:/istiak/Git/mlagentfinal/RL_3_URP/Assets/Data/134044308750629627/RL_2/
[INFO][2025.10.08 16:04:53:022]::Eye Tracking not supported in this device! Device is not HTC-Vive Pro Eye.
[INFO][2025.10.08 16:04:53:636]::Directory Created : E:/istiak/Git/mlagentfinal/RL_3_URP/Assets/Data/134044310930200278/RL_2/
[INFO][2025.10.08 16:04:53:640]::Simulation Started : RL_2
[INFO][2025.10.08 16:05:19:258]::Head Tracking data saved at: E:/istiak/Git/mlagentfinal/RL_3_URP/Assets/Data/134044310930200278/RL_2/
[INFO][2025.10.08 16:06:33:146]::Eye Tracking not supported in this device! Device is not HTC-Vive Pro Eye.
[INFO][2025.10.08 16:06:33:781]::Directory Created : E:/istiak/Git/mlagentfinal/RL_3_URP/Assets/Data/134044311931453526/RL_2/
[INFO][2025.10.08 16:06:33:782]::Simulation Started : RL_2
[INFO][2025.10.08 16:07:45:517]::Head Tracking data saved at: E:/istiak/Git/mlagentfinal/RL_3_URP/Assets/Data/134044311931453526/RL_2/
[INFO][2025.10.08 16:23:56:483]::Eye Tracking not supported in this device! Device is not HTC-Vive Pro Eye.
[INFO][2025.10.08 16:23:57:154]::Directory Created : E:/istiak/Git/mlagentfinal/RL_3_URP/Assets/Data/134044322364810415/RL_2/
[INFO][2025.10.08 16:23:57:156]::Simulation Started : RL_2
[INFO][2025.10.08 16:24:02:125]::Head Tracking data saved at: E:/istiak/Git/mlagentfinal/RL_3_URP/Assets/Data/134044322364810415/RL_2/
[INFO][2025.10.08 16:25:58:507]::Eye Tracking not supported in this device! Device is not HTC-Vive Pro Eye.
[INFO][2025.10.08 16:25:58:900]::Directory Created : E:/istiak/Git/mlagentfinal/RL_3_URP/Assets/Data/134044323585050532/RL_2/
[INFO][2025.10.08 16:25:58:904]::Simulation Started : RL_2
[INFO][2025.10.08 16:29:21:222]::Head Tracking data saved at: E:/istiak/Git/mlagentfinal/RL_3_URP/Assets/Data/134044323585050532/RL_2/
[INFO][2025.10.08 16:56:24:347]::Eye Tracking not supported in this device! Device is not HTC-Vive Pro Eye.
[INFO][2025.10.08 16:56:24:814]::Directory Created : E:/istiak/Git/mlagentfinal/RL_3_URP/Assets/Data/134044341843442190/RL_2/
[INFO][2025.10.08 16:56:24:817]::Simulation Started : RL_2
[INFO][2025.10.08 16:56:38:582]::Head Tracking data saved at: E:/istiak/Git/mlagentfinal/RL_3_URP/Assets/Data/134044341843442190/RL_2/
[INFO][2025.10.09 11:44:27:912]::Eye Tracking not supported in this device! Device is not HTC-Vive Pro Eye.
[INFO][2025.10.09 11:44:28:482]::Directory Created : E:/istiak/Git/mlagentfinal/RL_3_URP/Assets/Data/134045018679110464/RL_2/
[INFO][2025.10.09 11:44:28:483]::Simulation Started : RL_2
[INFO][2025.10.09 11:47:51:205]::Head Tracking data saved at: E:/istiak/Git/mlagentfinal/RL_3_URP/Assets/Data/134045018679110464/RL_2/
[INFO][2025.10.09 11:48:49:228]::Eye Tracking not supported in this device! Device is not HTC-Vive Pro Eye.
[INFO][2025.10.09 11:48:49:851]::Directory Created : E:/istiak/Git/mlagentfinal/RL_3_URP/Assets/Data/134045021292255986/RL_2/
[INFO][2025.10.09 11:48:49:852]::Simulation Started : RL_2
[INFO][2025.10.09 12:00:03:929]::Head Tracking data saved at: E:/istiak/Git/mlagentfinal/RL_3_URP/Assets/Data/134045021292255986/RL_2/
[INFO][2025.10.09 12:00:19:564]::Eye Tracking not supported in this device! Device is not HTC-Vive Pro Eye.
[INFO][2025.10.09 12:00:19:994]::Directory Created : E:/istiak/Git/mlagentfinal/RL_3_URP/Assets/Data/134045028195585579/RL_2/
[INFO][2025.10.09 12:00:19:995]::Simulation Started : RL_2
[INFO][2025.10.09 12:00:26:930]::Head Tracking data saved at: E:/istiak/Git/mlagentfinal/RL_3_URP/Assets/Data/134045028195585579/RL_2/
[INFO][2025.10.09 12:01:21:841]::Eye Tracking not supported in this device! Device is not HTC-Vive Pro Eye.
[INFO][2025.10.09 12:01:22:257]::Directory Created : E:/istiak/Git/mlagentfinal/RL_3_URP/Assets/Data/134045028818386525/RL_2/
[INFO][2025.10.09 12:01:22:259]::Simulation Started : RL_2
[INFO][2025.10.09 12:01:49:484]::Head Tracking data saved at: E:/istiak/Git/mlagentfinal/RL_3_URP/Assets/Data/134045028818386525/RL_2/
[INFO][2025.10.09 12:06:59:835]::Eye Tracking not supported in this device! Device is not HTC-Vive Pro Eye.
[INFO][2025.10.09 12:07:00:289]::Directory Created : E:/istiak/Git/mlagentfinal/RL_3_URP/Assets/Data/134045032198333797/RL_2/
[INFO][2025.10.09 12:07:00:292]::Simulation Started : RL_2
[INFO][2025.10.09 12:07:33:156]::Head Tracking data saved at: E:/istiak/Git/mlagentfinal/RL_3_URP/Assets/Data/134045032198333797/RL_2/
[INFO][2025.10.14 11:33:12:443]::Eye Tracking not supported in this device! Device is not HTC-Vive Pro Eye.
[INFO][2025.10.14 11:33:12:858]::Directory Created : E:/istiak/Git/mlagentfinal/RL_3_URP/Assets/Data/134049331924408594/RL_2/
[INFO][2025.10.14 11:33:12:860]::Simulation Started : RL_2
[INFO][2025.10.14 11:34:16:767]::Head Tracking data saved at: E:/istiak/Git/mlagentfinal/RL_3_URP/Assets/Data/134049331924408594/RL_2/
[INFO][2025.10.14 11:34:31:095]::Eye Tracking not supported in this device! Device is not HTC-Vive Pro Eye.
[INFO][2025.10.14 11:34:31:858]::Directory Created : E:/istiak/Git/mlagentfinal/RL_3_URP/Assets/Data/134049332710922084/RL_2/
[INFO][2025.10.14 11:34:31:859]::Simulation Started : RL_2
[INFO][2025.10.14 11:34:45:031]::Head Tracking data saved at: E:/istiak/Git/mlagentfinal/RL_3_URP/Assets/Data/134049332710922084/RL_2/
[INFO][2025.10.14 11:36:26:123]::Eye Tracking not supported in this device! Device is not HTC-Vive Pro Eye.
[INFO][2025.10.14 11:36:26:909]::Directory Created : E:/istiak/Git/mlagentfinal/RL_3_URP/Assets/Data/134049333861197848/RL_2/
[INFO][2025.10.14 11:36:26:912]::Simulation Started : RL_2
[INFO][2025.10.14 11:36:46:928]::Head Tracking data saved at: E:/istiak/Git/mlagentfinal/RL_3_URP/Assets/Data/134049333861197848/RL_2/
[INFO][2025.10.14 11:37:09:974]::Eye Tracking not supported in this device! Device is not HTC-Vive Pro Eye.
[INFO][2025.10.14 11:37:10:536]::Directory Created : E:/istiak/Git/mlagentfinal/RL_3_URP/Assets/Data/134049334299664026/RL_2/
[INFO][2025.10.14 11:37:10:538]::Simulation Started : RL_2
[INFO][2025.10.14 11:37:46:925]::Head Tracking data saved at: E:/istiak/Git/mlagentfinal/RL_3_URP/Assets/Data/134049334299664026/RL_2/
[INFO][2025.10.14 11:38:10:949]::Eye Tracking not supported in this device! Device is not HTC-Vive Pro Eye.
[INFO][2025.10.14 11:38:11:525]::Directory Created : E:/istiak/Git/mlagentfinal/RL_3_URP/Assets/Data/134049334909462440/RL_2/
[INFO][2025.10.14 11:38:11:527]::Simulation Started : RL_2
[INFO][2025.10.14 11:39:55:819]::Head Tracking data saved at: E:/istiak/Git/mlagentfinal/RL_3_URP/Assets/Data/134049334909462440/RL_2/
[INFO][2025.10.14 11:40:15:762]::Eye Tracking not supported in this device! Device is not HTC-Vive Pro Eye.
[INFO][2025.10.14 11:40:16:341]::Directory Created : E:/istiak/Git/mlagentfinal/RL_3_URP/Assets/Data/134049336157586775/RL_2/
[INFO][2025.10.14 11:40:16:343]::Simulation Started : RL_2
[INFO][2025.10.14 11:40:24:412]::Head Tracking data saved at: E:/istiak/Git/mlagentfinal/RL_3_URP/Assets/Data/134049336157586775/RL_2/
[INFO][2025.10.14 11:40:42:065]::Eye Tracking not supported in this device! Device is not HTC-Vive Pro Eye.
[INFO][2025.10.14 11:40:42:849]::Directory Created : E:/istiak/Git/mlagentfinal/RL_3_URP/Assets/Data/134049336420611468/RL_2/
[INFO][2025.10.14 11:40:42:851]::Simulation Started : RL_2
[INFO][2025.10.14 11:41:06:129]::Head Tracking data saved at: E:/istiak/Git/mlagentfinal/RL_3_URP/Assets/Data/134049336420611468/RL_2/
[INFO][2025.10.14 11:41:26:477]::Eye Tracking not supported in this device! Device is not HTC-Vive Pro Eye.
[INFO][2025.10.14 11:41:27:105]::Directory Created : E:/istiak/Git/mlagentfinal/RL_3_URP/Assets/Data/134049336864749287/RL_2/
[INFO][2025.10.14 11:41:27:107]::Simulation Started : RL_2
[INFO][2025.10.14 11:41:45:896]::Head Tracking data saved at: E:/istiak/Git/mlagentfinal/RL_3_URP/Assets/Data/134049336864749287/RL_2/
[INFO][2025.10.14 11:42:14:645]::Eye Tracking not supported in this device! Device is not HTC-Vive Pro Eye.
[INFO][2025.10.14 11:42:15:245]::Directory Created : E:/istiak/Git/mlagentfinal/RL_3_URP/Assets/Data/134049337346412173/RL_2/
[INFO][2025.10.14 11:42:15:245]::Simulation Started : RL_2
[INFO][2025.10.14 11:42:22:202]::Head Tracking data saved at: E:/istiak/Git/mlagentfinal/RL_3_URP/Assets/Data/134049337346412173/RL_2/
[INFO][2025.10.14 11:42:48:507]::Eye Tracking not supported in this device! Device is not HTC-Vive Pro Eye.
[INFO][2025.10.14 11:42:48:901]::Directory Created : E:/istiak/Git/mlagentfinal/RL_3_URP/Assets/Data/134049337685025370/RL_2/
[INFO][2025.10.14 11:42:48:903]::Simulation Started : RL_2
[INFO][2025.10.14 11:43:15:543]::Head Tracking data saved at: E:/istiak/Git/mlagentfinal/RL_3_URP/Assets/Data/134049337685025370/RL_2/
[INFO][2025.10.14 11:44:09:228]::Eye Tracking not supported in this device! Device is not HTC-Vive Pro Eye.
[INFO][2025.10.14 11:44:09:649]::Directory Created : E:/istiak/Git/mlagentfinal/RL_3_URP/Assets/Data/134049338492254573/RL_2/
[INFO][2025.10.14 11:44:09:653]::Simulation Started : RL_2
[INFO][2025.10.14 11:44:17:654]::Head Tracking data saved at: E:/istiak/Git/mlagentfinal/RL_3_URP/Assets/Data/134049338492254573/RL_2/
[INFO][2025.10.14 11:48:31:066]::Eye Tracking not supported in this device! Device is not HTC-Vive Pro Eye.
[INFO][2025.10.14 11:48:31:684]::Directory Created : E:/istiak/Git/mlagentfinal/RL_3_URP/Assets/Data/134049341110621253/RL_2/
[INFO][2025.10.14 11:48:31:687]::Simulation Started : RL_2
[INFO][2025.10.14 11:49:43:466]::Head Tracking data saved at: E:/istiak/Git/mlagentfinal/RL_3_URP/Assets/Data/134049341110621253/RL_2/
[INFO][2025.10.14 11:50:10:946]::Eye Tracking not supported in this device! Device is not HTC-Vive Pro Eye.
[INFO][2025.10.14 11:50:11:362]::Directory Created : E:/istiak/Git/mlagentfinal/RL_3_URP/Assets/Data/134049342109416310/RL_2/
[INFO][2025.10.14 11:50:11:363]::Simulation Started : RL_2
[INFO][2025.10.14 11:50:25:605]::Head Tracking data saved at: E:/istiak/Git/mlagentfinal/RL_3_URP/Assets/Data/134049342109416310/RL_2/
[INFO][2025.10.14 11:55:02:082]::Eye Tracking not supported in this device! Device is not HTC-Vive Pro Eye.
[INFO][2025.10.14 11:55:02:501]::Directory Created : E:/istiak/Git/mlagentfinal/RL_3_URP/Assets/Data/134049345020791007/RL_2/
[INFO][2025.10.14 11:55:02:506]::Simulation Started : RL_2
[INFO][2025.10.14 11:55:17:098]::Head Tracking data saved at: E:/istiak/Git/mlagentfinal/RL_3_URP/Assets/Data/134049345020791007/RL_2/
[INFO][2025.10.14 11:55:42:919]::Eye Tracking not supported in this device! Device is not HTC-Vive Pro Eye.
[INFO][2025.10.14 11:55:43:349]::Directory Created : E:/istiak/Git/mlagentfinal/RL_3_URP/Assets/Data/134049345429156600/RL_2/
[INFO][2025.10.14 11:55:43:356]::Simulation Started : RL_2
[INFO][2025.10.14 11:55:58:998]::Head Tracking data saved at: E:/istiak/Git/mlagentfinal/RL_3_URP/Assets/Data/134049345429156600/RL_2/
[INFO][2025.10.14 11:57:40:400]::Eye Tracking not supported in this device! Device is not HTC-Vive Pro Eye.
[INFO][2025.10.14 11:57:40:780]::Directory Created : E:/istiak/Git/mlagentfinal/RL_3_URP/Assets/Data/134049346603968910/RL_2/
[INFO][2025.10.14 11:57:40:782]::Simulation Started : RL_2
[INFO][2025.10.14 12:00:04:063]::Head Tracking data saved at: E:/istiak/Git/mlagentfinal/RL_3_URP/Assets/Data/134049346603968910/RL_2/
[INFO][2025.10.14 12:02:08:151]::Eye Tracking not supported in this device! Device is not HTC-Vive Pro Eye.
[INFO][2025.10.14 12:02:08:561]::Directory Created : E:/istiak/Git/mlagentfinal/RL_3_URP/Assets/Data/134049349281432766/RL_2/
[INFO][2025.10.14 12:02:08:564]::Simulation Started : RL_2
[INFO][2025.10.14 12:02:52:661]::Head Tracking data saved at: E:/istiak/Git/mlagentfinal/RL_3_URP/Assets/Data/134049349281432766/RL_2/
[INFO][2026.04.09 10:11:06:321]::Eye Tracking not supported in this device! Device is not HTC-Vive Pro Eye.
[INFO][2026.04.09 10:11:07:153]::Directory Created : E:/istiak/Git/CORAL-VR/Assets/Data/134202210663186324/CoralVR/
[INFO][2026.04.09 10:11:07:155]::Simulation Started : CoralVR
[INFO][2026.04.09 10:11:24:289]::Head Tracking data saved at: E:/istiak/Git/CORAL-VR/Assets/Data/134202210663186324/CoralVR/
